<?xml version="1.0" encoding="UTF-8"?>
<!-- Generated by org.testng.reporters.JUnitReportReporter -->
<testsuite hostname="MUM-45XF833" failures="0" tests="1" name="incidentInvidual.LearningBodyAssertion" time="6.453" errors="0" timestamp="2022-01-20T11:45:39 IST" skipped="0">
  <testcase classname="incidentInvidual.LearningBodyAssertion" name="bodyAssertion" time="6.453"/>
  <system-out/>
</testsuite> <!-- incidentInvidual.LearningBodyAssertion -->
