<?xml version="1.0" encoding="UTF-8"?>
<!-- Generated by org.testng.reporters.JUnitReportReporter -->
<testsuite hostname="CHE-9D0SR73" failures="0" tests="1" name="incidentInvidual.GetAllIncidentsJSON" time="9.278" errors="0" timestamp="2022-01-16T21:48:08 IST" skipped="0">
  <testcase classname="incidentInvidual.GetAllIncidentsJSON" name="getIncidentJson" time="9.278"/>
  <system-out/>
</testsuite> <!-- incidentInvidual.GetAllIncidentsJSON -->
