<?xml version="1.0" encoding="UTF-8"?>
<!-- Generated by org.testng.reporters.JUnitReportReporter -->
<testsuite hostname="MUM-45XF833" failures="0" tests="1" name="runner.RunCreateChangeRequestCucumber" time="7.597" errors="0" timestamp="2022-01-23T10:44:17 IST" skipped="0">
  <testcase classname="runner.RunCreateChangeRequestCucumber" name="runScenario" time="7.597"/>
  <system-out/>
</testsuite> <!-- runner.RunCreateChangeRequestCucumber -->
