<?xml version="1.0" encoding="UTF-8"?>
<!-- Generated by org.testng.reporters.JUnitReportReporter -->
<testsuite hostname="CHE-9D0SR73" failures="0" tests="1" name="incidentInvidual.UpdateIncident" time="6.197" errors="0" timestamp="2022-01-16T21:52:28 IST" skipped="0">
  <testcase classname="incidentInvidual.UpdateIncident" name="updateInci" time="6.197"/>
  <system-out/>
</testsuite> <!-- incidentInvidual.UpdateIncident -->
