<?xml version="1.0" encoding="UTF-8"?>
<!-- Generated by org.testng.reporters.JUnitReportReporter -->
<testsuite hostname="MUM-45XF833" failures="0" tests="1" name="incidentInvidual.GetAllIncidentsJSONUsingOAuth" time="4.416" errors="0" timestamp="2022-01-22T10:28:37 IST" skipped="0">
  <testcase classname="incidentInvidual.GetAllIncidentsJSONUsingOAuth" name="getIncidentJson" time="4.416"/>
  <system-out/>
</testsuite> <!-- incidentInvidual.GetAllIncidentsJSONUsingOAuth -->
