<?xml version="1.0" encoding="UTF-8"?>
<!-- Generated by org.testng.reporters.JUnitReportReporter -->
<testsuite hostname="MUM-45XF833" failures="0" tests="1" name="changeRequestChaining.CreateChangeRequest" time="5.631" errors="0" timestamp="2022-01-22T11:19:28 IST" skipped="0">
  <testcase classname="changeRequestChaining.CreateChangeRequest" name="CreateCR" time="5.631"/>
  <system-out/>
</testsuite> <!-- changeRequestChaining.CreateChangeRequest -->
