<?xml version="1.0" encoding="UTF-8"?>
<!-- Generated by org.testng.reporters.JUnitReportReporter -->
<testsuite hostname="MUM-45XF833" failures="0" tests="1" name="incidentInvidual.GetAllIncidentsJSON" time="7.298" errors="0" timestamp="2022-01-20T18:06:32 IST" skipped="0">
  <testcase classname="incidentInvidual.GetAllIncidentsJSON" name="getIncidentJson" time="7.298"/>
  <system-out/>
</testsuite> <!-- incidentInvidual.GetAllIncidentsJSON -->
