<?xml version="1.0" encoding="UTF-8"?>
<!-- Generated by org.testng.reporters.JUnitReportReporter -->
<testsuite hostname="CHE-9D0SR73" failures="0" tests="1" name="incidentInvidual.PostIncidentUsingString" time="7.554" errors="0" timestamp="2022-01-16T20:22:04 IST" skipped="0">
  <testcase classname="incidentInvidual.PostIncidentUsingString" name="PostIncidentString" time="7.554"/>
  <system-out/>
</testsuite> <!-- incidentInvidual.PostIncidentUsingString -->
