<?xml version="1.0" encoding="UTF-8"?>
<!-- Generated by org.testng.reporters.JUnitReportReporter -->
<testsuite hostname="CHE-9D0SR73" failures="0" tests="1" name="incidentInvidual.GetAllIncidentXML" time="7.994" errors="0" timestamp="2022-01-16T20:14:20 IST" skipped="0">
  <testcase classname="incidentInvidual.GetAllIncidentXML" name="getIncidentXML" time="7.994"/>
  <system-out/>
</testsuite> <!-- incidentInvidual.GetAllIncidentXML -->
