<?xml version="1.0" encoding="UTF-8"?>
<!-- Generated by org.testng.reporters.JUnitReportReporter -->
<testsuite hostname="MUM-45XF833" failures="0" tests="1" name="changeRequestChaining.CreateChangeRequest" time="6.554" errors="0" timestamp="2022-01-20T11:22:26 IST" skipped="0">
  <testcase classname="changeRequestChaining.CreateChangeRequest" name="CreateCR" time="6.554"/>
  <system-out/>
</testsuite> <!-- changeRequestChaining.CreateChangeRequest -->
