<?xml version="1.0" encoding="UTF-8"?>
<!-- Generated by org.testng.reporters.JUnitReportReporter -->
<testsuite hostname="CHE-9D0SR73" failures="0" tests="1" name="changeRequestChaining.GetAllChangeRequest" time="5.465" errors="0" timestamp="2022-01-16T22:23:09 IST" skipped="0">
  <testcase classname="changeRequestChaining.GetAllChangeRequest" name="getChangeRequest" time="5.465"/>
  <system-out/>
</testsuite> <!-- changeRequestChaining.GetAllChangeRequest -->
