<?xml version="1.0" encoding="UTF-8"?>
<!-- Generated by org.testng.reporters.JUnitReportReporter -->
<testsuite hostname="MUM-45XF833" failures="0" tests="1" name="changeRequestChaining.CreateChangeRequestSchemaValidation" time="5.904" errors="0" timestamp="2022-01-22T11:23:32 IST" skipped="0">
  <testcase classname="changeRequestChaining.CreateChangeRequestSchemaValidation" name="CreateCR" time="5.904"/>
  <system-out/>
</testsuite> <!-- changeRequestChaining.CreateChangeRequestSchemaValidation -->
