<?xml version="1.0" encoding="UTF-8"?>
<!-- Generated by org.testng.reporters.JUnitReportReporter -->
<testsuite hostname="CHE-9D0SR73" failures="0" tests="1" name="incidentInvidual.GetAllIncidents" time="18.040" errors="0" timestamp="2022-01-16T19:59:09 IST" skipped="0">
  <testcase classname="incidentInvidual.GetAllIncidents" name="getIncident" time="18.040"/>
  <system-out/>
</testsuite> <!-- incidentInvidual.GetAllIncidents -->
