<?xml version="1.0" encoding="UTF-8"?>
<!-- Generated by org.testng.reporters.JUnitReportReporter -->
<testsuite hostname="CHE-9D0SR73" failures="0" tests="1" name="incidentInvidual.PostIncidentUsingFile" time="10.153" errors="0" timestamp="2022-01-16T21:09:57 IST" skipped="0">
  <testcase classname="incidentInvidual.PostIncidentUsingFile" name="postIncidentFile" time="10.153"/>
  <system-out/>
</testsuite> <!-- incidentInvidual.PostIncidentUsingFile -->
