<?xml version="1.0" encoding="UTF-8"?>
<!-- Generated by org.testng.reporters.JUnitReportReporter -->
<testsuite hostname="CHE-9D0SR73" failures="0" tests="1" name="changeRequestChaining.UpdateChangeRequest" time="4.166" errors="0" timestamp="2022-01-16T22:23:09 IST" skipped="0">
  <testcase classname="changeRequestChaining.UpdateChangeRequest" name="updateCR" time="4.166"/>
  <system-out/>
</testsuite> <!-- changeRequestChaining.UpdateChangeRequest -->
