<?xml version="1.0" encoding="UTF-8"?>
<!-- Generated by org.testng.reporters.JUnitReportReporter -->
<testsuite hostname="MUM-45XF833" failures="0" tests="1" name="changeRequestChaining.DeleteChangeRequest" time="5.051" errors="0" timestamp="2022-01-20T11:22:26 IST" skipped="0">
  <testcase classname="changeRequestChaining.DeleteChangeRequest" name="deleteCR" time="5.051"/>
  <system-out/>
</testsuite> <!-- changeRequestChaining.DeleteChangeRequest -->
