<?xml version="1.0" encoding="UTF-8"?>
<!-- Generated by org.testng.reporters.JUnitReportReporter -->
<testsuite hostname="CHE-9D0SR73" failures="0" tests="1" name="incidentInvidual.deleteIncident" time="6.228" errors="0" timestamp="2022-01-16T21:59:24 IST" skipped="0">
  <testcase classname="incidentInvidual.deleteIncident" name="deleteIncide" time="6.228"/>
  <system-out/>
</testsuite> <!-- incidentInvidual.deleteIncident -->
